mode: set
github.com/wasilak/elastauth/libs/config.go:21.32,57.16 27 0
github.com/wasilak/elastauth/libs/config.go:57.16,59.3 1 0
github.com/wasilak/elastauth/libs/config.go:61.2,61.12 1 0
github.com/wasilak/elastauth/libs/config.go:66.49,70.34 3 0
github.com/wasilak/elastauth/libs/config.go:70.34,72.17 2 0
github.com/wasilak/elastauth/libs/config.go:72.17,73.14 1 0
github.com/wasilak/elastauth/libs/config.go:75.3,76.13 2 0
github.com/wasilak/elastauth/libs/config.go:79.2,79.45 1 0
github.com/wasilak/elastauth/libs/config.go:79.45,81.17 2 0
github.com/wasilak/elastauth/libs/config.go:81.17,83.4 1 0
github.com/wasilak/elastauth/libs/config.go:84.3,85.108 2 0
github.com/wasilak/elastauth/libs/config.go:88.2,88.12 1 0
github.com/wasilak/elastauth/libs/crypto.go:23.93,33.16 6 1
github.com/wasilak/elastauth/libs/crypto.go:33.16,36.3 2 0
github.com/wasilak/elastauth/libs/crypto.go:40.2,41.16 2 1
github.com/wasilak/elastauth/libs/crypto.go:41.16,44.3 2 0
github.com/wasilak/elastauth/libs/crypto.go:47.2,48.58 2 1
github.com/wasilak/elastauth/libs/crypto.go:48.58,51.3 2 0
github.com/wasilak/elastauth/libs/crypto.go:55.2,56.43 2 1
github.com/wasilak/elastauth/libs/crypto.go:62.93,71.16 6 1
github.com/wasilak/elastauth/libs/crypto.go:71.16,74.3 2 0
github.com/wasilak/elastauth/libs/crypto.go:77.2,78.16 2 1
github.com/wasilak/elastauth/libs/crypto.go:78.16,81.3 2 0
github.com/wasilak/elastauth/libs/crypto.go:84.2,91.16 4 1
github.com/wasilak/elastauth/libs/crypto.go:91.16,94.3 2 0
github.com/wasilak/elastauth/libs/crypto.go:96.2,96.31 1 1
github.com/wasilak/elastauth/libs/elastic.go:84.75,97.16 6 0
github.com/wasilak/elastauth/libs/elastic.go:97.16,99.3 1 0
github.com/wasilak/elastauth/libs/elastic.go:101.2,103.16 3 0
github.com/wasilak/elastauth/libs/elastic.go:103.16,105.3 1 0
github.com/wasilak/elastauth/libs/elastic.go:107.2,115.12 5 0
github.com/wasilak/elastauth/libs/elastic.go:120.98,129.16 6 0
github.com/wasilak/elastauth/libs/elastic.go:129.16,131.3 1 0
github.com/wasilak/elastauth/libs/elastic.go:133.2,134.16 2 0
github.com/wasilak/elastauth/libs/elastic.go:134.16,136.3 1 0
github.com/wasilak/elastauth/libs/elastic.go:138.2,142.16 4 0
github.com/wasilak/elastauth/libs/elastic.go:142.16,144.3 1 0
github.com/wasilak/elastauth/libs/elastic.go:146.2,154.12 5 0
github.com/wasilak/elastauth/libs/routes.go:55.38,64.20 6 0
github.com/wasilak/elastauth/libs/routes.go:64.20,74.3 6 0
github.com/wasilak/elastauth/libs/routes.go:75.2,80.26 4 0
github.com/wasilak/elastauth/libs/routes.go:80.26,83.3 2 0
github.com/wasilak/elastauth/libs/routes.go:85.2,95.12 8 0
github.com/wasilak/elastauth/libs/routes.go:95.12,97.3 1 0
github.com/wasilak/elastauth/libs/routes.go:97.8,99.3 1 0
github.com/wasilak/elastauth/libs/routes.go:100.2,102.13 2 0
github.com/wasilak/elastauth/libs/routes.go:102.13,114.17 9 0
github.com/wasilak/elastauth/libs/routes.go:114.17,117.4 2 0
github.com/wasilak/elastauth/libs/routes.go:119.3,121.17 3 0
github.com/wasilak/elastauth/libs/routes.go:121.17,124.4 2 0
github.com/wasilak/elastauth/libs/routes.go:126.3,141.46 4 0
github.com/wasilak/elastauth/libs/routes.go:141.46,148.18 2 0
github.com/wasilak/elastauth/libs/routes.go:148.18,151.5 2 0
github.com/wasilak/elastauth/libs/routes.go:153.4,155.18 3 0
github.com/wasilak/elastauth/libs/routes.go:155.18,158.5 2 0
github.com/wasilak/elastauth/libs/routes.go:161.3,163.22 3 0
github.com/wasilak/elastauth/libs/routes.go:166.2,171.115 4 0
github.com/wasilak/elastauth/libs/routes.go:171.115,174.3 2 0
github.com/wasilak/elastauth/libs/routes.go:175.2,183.16 6 0
github.com/wasilak/elastauth/libs/routes.go:183.16,186.3 2 0
github.com/wasilak/elastauth/libs/routes.go:188.2,192.35 3 0
github.com/wasilak/elastauth/libs/routes.go:196.40,206.2 5 1
github.com/wasilak/elastauth/libs/routes.go:210.40,220.2 5 1
github.com/wasilak/elastauth/libs/utils.go:18.44,19.22 1 0
github.com/wasilak/elastauth/libs/utils.go:19.22,20.66 1 0
github.com/wasilak/elastauth/libs/utils.go:20.66,22.4 1 0
github.com/wasilak/elastauth/libs/utils.go:24.2,24.14 1 0
github.com/wasilak/elastauth/libs/utils.go:28.56,31.26 2 0
github.com/wasilak/elastauth/libs/utils.go:31.26,33.3 1 0
github.com/wasilak/elastauth/libs/utils.go:35.2,35.13 1 0
github.com/wasilak/elastauth/libs/utils.go:40.73,49.16 4 0
github.com/wasilak/elastauth/libs/utils.go:49.16,51.3 1 0
github.com/wasilak/elastauth/libs/utils.go:52.2,52.17 1 0
github.com/wasilak/elastauth/libs/utils.go:57.70,64.62 4 0
github.com/wasilak/elastauth/libs/utils.go:64.62,65.36 1 0
github.com/wasilak/elastauth/libs/utils.go:65.36,66.84 1 0
github.com/wasilak/elastauth/libs/utils.go:66.84,68.5 1 0
github.com/wasilak/elastauth/libs/utils.go:72.2,72.21 1 0
github.com/wasilak/elastauth/libs/utils.go:72.21,74.3 1 0
github.com/wasilak/elastauth/libs/utils.go:76.2,76.14 1 0
github.com/wasilak/elastauth/libs/utils.go:81.46,84.2 2 0
github.com/wasilak/elastauth/libs/utils.go:88.55,93.44 4 0
github.com/wasilak/elastauth/libs/utils.go:93.44,95.3 1 0
github.com/wasilak/elastauth/libs/utils.go:97.2,97.39 1 0
github.com/wasilak/elastauth/libs/webserver.go:25.41,39.33 8 0
github.com/wasilak/elastauth/libs/webserver.go:39.33,41.3 1 0
github.com/wasilak/elastauth/libs/webserver.go:49.2,49.37 1 0
github.com/wasilak/elastauth/libs/webserver.go:49.37,51.39 1 0
github.com/wasilak/elastauth/libs/webserver.go:51.39,53.5 1 0
github.com/wasilak/elastauth/libs/webserver.go:57.3,58.11 2 0
github.com/wasilak/elastauth/libs/webserver.go:61.2,65.52 4 0
